# JRE version: Java(TM) SE Runtime Environment (8.0_171-b11) (build 1.8.0_171-b11)
# Java VM: Java HotSpot(TM) 64-Bit Server VM (25.171-b11 mixed mode windows-amd64 compressed oops)
Heap:
 PSYoungGen      total 9728K, used 6976K [0x00000000f5d80000, 0x00000000f6800000, 0x0000000100000000)
  eden space 8704K, 68% used [0x00000000f5d80000,0x00000000f6355c40,0x00000000f6600000)
  from space 1024K, 97% used [0x00000000f6700000,0x00000000f67fa680,0x00000000f6800000)
  to   space 1024K, 0% used [0x00000000f6600000,0x00000000f6600000,0x00000000f6700000)
 ParOldGen       total 11264K, used 2258K [0x00000000e1800000, 0x00000000e2300000, 0x00000000f5d80000)
  object space 11264K, 20% used [0x00000000e1800000,0x00000000e1a349f0,0x00000000e2300000)
 Metaspace       used 7845K, capacity 7964K, committed 8192K, reserved 1060864K
  class space    used 948K, capacity 1016K, committed 1024K, reserved 1048576K
GC Heap History (6 events):
Event: 3.802 GC heap before
{Heap before GC invocations=1 (full 0):
 PSYoungGen      total 9728K, used 5923K [0x00000000f5d80000, 0x00000000f6800000, 0x0000000100000000)
  eden space 8704K, 68% used [0x00000000f5d80000,0x00000000f6348f88,0x00000000f6600000)
  from space 1024K, 0% used [0x00000000f6700000,0x00000000f6700000,0x00000000f6800000)
  to   space 1024K, 0% used [0x00000000f6600000,0x00000000f6600000,0x00000000f6700000)
 ParOldGen       total 22016K, used 0K [0x00000000e1800000, 0x00000000e2d80000, 0x00000000f5d80000)
  object space 22016K, 0% used [0x00000000e1800000,0x00000000e1800000,0x00000000e2d80000)
 Metaspace       used 5076K, capacity 5420K, committed 5504K, reserved 1060864K
  class space    used 549K, capacity 600K, committed 640K, reserved 1048576K
Event: 3.805 GC heap after
Heap after GC invocations=1 (full 0):
 PSYoungGen      total 9728K, used 1008K [0x00000000f5d80000, 0x00000000f6800000, 0x0000000100000000)
  eden space 8704K, 0% used [0x00000000f5d80000,0x00000000f5d80000,0x00000000f6600000)
  from space 1024K, 98% used [0x00000000f6600000,0x00000000f66fc010,0x00000000f6700000)
  to   space 1024K, 0% used [0x00000000f6700000,0x00000000f6700000,0x00000000f6800000)
 ParOldGen       total 22016K, used 768K [0x00000000e1800000, 0x00000000e2d80000, 0x00000000f5d80000)
  object space 22016K, 3% used [0x00000000e1800000,0x00000000e18c0148,0x00000000e2d80000)
 Metaspace       used 5076K, capacity 5420K, committed 5504K, reserved 1060864K
  class space    used 549K, capacity 600K, committed 640K, reserved 1048576K
}
Event: 3.805 GC heap before
{Heap before GC invocations=2 (full 1):
 PSYoungGen      total 9728K, used 1008K [0x00000000f5d80000, 0x00000000f6800000, 0x0000000100000000)
  eden space 8704K, 0% used [0x00000000f5d80000,0x00000000f5d80000,0x00000000f6600000)
  from space 1024K, 98% used [0x00000000f6600000,0x00000000f66fc010,0x00000000f6700000)
  to   space 1024K, 0% used [0x00000000f6700000,0x00000000f6700000,0x00000000f6800000)
 ParOldGen       total 22016K, used 768K [0x00000000e1800000, 0x00000000e2d80000, 0x00000000f5d80000)
  object space 22016K, 3% used [0x00000000e1800000,0x00000000e18c0148,0x00000000e2d80000)
 Metaspace       used 5076K, capacity 5420K, committed 5504K, reserved 1060864K
  class space    used 549K, capacity 600K, committed 640K, reserved 1048576K
Event: 3.815 GC heap after
Heap after GC invocations=2 (full 1):
 PSYoungGen      total 9728K, used 0K [0x00000000f5d80000, 0x00000000f6800000, 0x0000000100000000)
  eden space 8704K, 0% used [0x00000000f5d80000,0x00000000f5d80000,0x00000000f6600000)
  from space 1024K, 0% used [0x00000000f6600000,0x00000000f6600000,0x00000000f6700000)
  to   space 1024K, 0% used [0x00000000f6700000,0x00000000f6700000,0x00000000f6800000)
 ParOldGen       total 11264K, used 1661K [0x00000000e1800000, 0x00000000e2300000, 0x00000000f5d80000)
  object space 11264K, 14% used [0x00000000e1800000,0x00000000e199f5d0,0x00000000e2300000)
 Metaspace       used 5076K, capacity 5420K, committed 5504K, reserved 1058816K
  class space    used 549K, capacity 600K, committed 640K, reserved 1048576K
}
Event: 4.082 GC heap before
{Heap before GC invocations=3 (full 1):
 PSYoungGen      total 9728K, used 8704K [0x00000000f5d80000, 0x00000000f6800000, 0x0000000100000000)
  eden space 8704K, 100% used [0x00000000f5d80000,0x00000000f6600000,0x00000000f6600000)
  from space 1024K, 0% used [0x00000000f6600000,0x00000000f6600000,0x00000000f6700000)
  to   space 1024K, 0% used [0x00000000f6700000,0x00000000f6700000,0x00000000f6800000)
 ParOldGen       total 11264K, used 1661K [0x00000000e1800000, 0x00000000e2300000, 0x00000000f5d80000)
  object space 11264K, 14% used [0x00000000e1800000,0x00000000e199f5d0,0x00000000e2300000)
 Metaspace       used 6731K, capacity 6876K, committed 7040K, reserved 1058816K
  class space    used 771K, capacity 824K, committed 896K, reserved 1048576K
Event: 4.084 GC heap after
Heap after GC invocations=3 (full 1):
 PSYoungGen      total 9728K, used 1001K [0x00000000f5d80000, 0x00000000f6800000, 0x0000000100000000)
  eden space 8704K, 0% used [0x00000000f5d80000,0x00000000f5d80000,0x00000000f6600000)
  from space 1024K, 97% used [0x00000000f6700000,0x00000000f67fa680,0x00000000f6800000)
  to   space 1024K, 0% used [0x00000000f6600000,0x00000000f6600000,0x00000000f6700000)
 ParOldGen       total 11264K, used 2258K [0x00000000e1800000, 0x00000000e2300000, 0x00000000f5d80000)
  object space 11264K, 20% used [0x00000000e1800000,0x00000000e1a349f0,0x00000000e2300000)
 Metaspace       used 6731K, capacity 6876K, committed 7040K, reserved 1058816K
  class space    used 771K, capacity 824K, committed 896K, reserved 1048576K
}

